c:\users\bogdan\desktop\lambda algebra c++\lambdaalgebra\lambdaalgebra\debug\vc120.pdb
c:\users\bogdan\desktop\lambda algebra c++\lambdaalgebra\lambdaalgebra\debug\vc120.idb
c:\users\bogdan\desktop\lambda algebra c++\lambdaalgebra\lambdaalgebra\debug\source.obj
c:\users\bogdan\desktop\lambda algebra c++\lambdaalgebra\lambdaalgebra\debug\mathtools.obj
e:\math ressources\dropbox\google drive 2\current math\project with isaksen\lambda algebra\lambda algebra c++ - transition to class\lambdaalgebra\lambdaalgebra\debug\mathtools.obj
e:\math ressources\dropbox\google drive 2\current math\project with isaksen\lambda algebra\lambda algebra c++ - transition to class\lambdaalgebra\lambdaalgebra\debug\source.obj
e:\math ressources\dropbox\google drive 2\current math\project with isaksen\lambda algebra\lambda algebra c++ - transition to class\lambdaalgebra\lambdaalgebra\debug\vc120.idb
e:\math ressources\dropbox\google drive 2\current math\project with isaksen\lambda algebra\lambda algebra c++ - transition to class\lambdaalgebra\lambdaalgebra\debug\vc120.pdb
e:\math ressources\dropbox\google drive 2\current math\project with isaksen\lambda algebra\lambda algebra c++ - transition to class\lambdaalgebra\debug\lambdaalgebra.pdb
e:\math ressources\dropbox\google drive 2\current math\project with isaksen\lambda algebra\lambda algebra c++ - transition to class\lambdaalgebra\lambdaalgebra\debug\lambdaalgebra.tlog\cl.command.1.tlog
e:\math ressources\dropbox\google drive 2\current math\project with isaksen\lambda algebra\lambda algebra c++ - transition to class\lambdaalgebra\lambdaalgebra\debug\lambdaalgebra.tlog\cl.read.1.tlog
e:\math ressources\dropbox\google drive 2\current math\project with isaksen\lambda algebra\lambda algebra c++ - transition to class\lambdaalgebra\lambdaalgebra\debug\lambdaalgebra.tlog\cl.write.1.tlog
e:\math ressources\dropbox\google drive 2\current math\project with isaksen\lambda algebra\lambda algebra c++ - transition to class\lambdaalgebra\lambdaalgebra\debug\lambdaalgebra.tlog\link-cvtres.read.1.tlog
e:\math ressources\dropbox\google drive 2\current math\project with isaksen\lambda algebra\lambda algebra c++ - transition to class\lambdaalgebra\lambdaalgebra\debug\lambdaalgebra.tlog\link-cvtres.write.1.tlog
e:\math ressources\dropbox\google drive 2\current math\project with isaksen\lambda algebra\lambda algebra c++ - transition to class\lambdaalgebra\lambdaalgebra\debug\lambdaalgebra.tlog\link-rc.read.1.tlog
e:\math ressources\dropbox\google drive 2\current math\project with isaksen\lambda algebra\lambda algebra c++ - transition to class\lambdaalgebra\lambdaalgebra\debug\lambdaalgebra.tlog\link-rc.write.1.tlog
e:\math ressources\dropbox\google drive 2\current math\project with isaksen\lambda algebra\lambda algebra c++ - transition to class\lambdaalgebra\lambdaalgebra\debug\lambdaalgebra.tlog\link.5744-cvtres.read.1.tlog
e:\math ressources\dropbox\google drive 2\current math\project with isaksen\lambda algebra\lambda algebra c++ - transition to class\lambdaalgebra\lambdaalgebra\debug\lambdaalgebra.tlog\link.5744-cvtres.write.1.tlog
e:\math ressources\dropbox\google drive 2\current math\project with isaksen\lambda algebra\lambda algebra c++ - transition to class\lambdaalgebra\lambdaalgebra\debug\lambdaalgebra.tlog\link.5744-rc.read.1.tlog
e:\math ressources\dropbox\google drive 2\current math\project with isaksen\lambda algebra\lambda algebra c++ - transition to class\lambdaalgebra\lambdaalgebra\debug\lambdaalgebra.tlog\link.5744-rc.write.1.tlog
e:\math ressources\dropbox\google drive 2\current math\project with isaksen\lambda algebra\lambda algebra c++ - transition to class\lambdaalgebra\lambdaalgebra\debug\lambdaalgebra.tlog\link.5744.read.1.tlog
e:\math ressources\dropbox\google drive 2\current math\project with isaksen\lambda algebra\lambda algebra c++ - transition to class\lambdaalgebra\lambdaalgebra\debug\lambdaalgebra.tlog\link.5744.write.1.tlog
e:\math ressources\dropbox\google drive 2\current math\project with isaksen\lambda algebra\lambda algebra c++ - transition to class\lambdaalgebra\lambdaalgebra\debug\lambdaalgebra.tlog\link.command.1.tlog
e:\math ressources\dropbox\google drive 2\current math\project with isaksen\lambda algebra\lambda algebra c++ - transition to class\lambdaalgebra\lambdaalgebra\debug\lambdaalgebra.tlog\link.read.1.tlog
e:\math ressources\dropbox\google drive 2\current math\project with isaksen\lambda algebra\lambda algebra c++ - transition to class\lambdaalgebra\lambdaalgebra\debug\lambdaalgebra.tlog\link.write.1.tlog
